<?xml version="1.0" encoding="UTF-8"?>
<!-- Generated by org.testng.reporters.JUnitReportReporter -->
<testsuite skipped="0" hostname="SWR-LAP125" name="WallettHubTest.LoginFacebookTest" tests="1" failures="0" timestamp="17 Nov 2017 22:38:08 GMT" time="22.313" errors="0">
  <testcase name="givenIm_FBUser_WhenIGo_ToTheLoginPage_ILogin_And_MakePost" time="22.313" classname="WallettHubTest.LoginFacebookTest"/>
</testsuite> <!-- WallettHubTest.LoginFacebookTest -->
