<?xml version="1.0" encoding="UTF-8"?>
<!-- Generated by org.testng.reporters.JUnitReportReporter -->
<testsuite skipped="0" hostname="SWR-LAP125" name="WallettHubTest.InsuranceCompanyPageTest" tests="1" failures="0" timestamp="20 Nov 2017 18:40:02 GMT" time="57.777" errors="0">
  <testcase name="givenIm_WHLightUser_ILogin_And_MakeAReview_ThenValidateItPosted" time="57.777" classname="WallettHubTest.InsuranceCompanyPageTest"/>
</testsuite> <!-- WallettHubTest.InsuranceCompanyPageTest -->
